Determining if the pthread_create exist failed with the following output:
Change Dir: /home/santosh/Projects/visual slam diy/build/CMakeFiles/CMakeTmp

Run Build Command:"/usr/bin/make" "cmTC_a9c6f/fast"
/usr/bin/make -f CMakeFiles/cmTC_a9c6f.dir/build.make CMakeFiles/cmTC_a9c6f.dir/build
make[1]: Entering directory '/home/santosh/Projects/visual slam diy/build/CMakeFiles/CMakeTmp'
Building C object CMakeFiles/cmTC_a9c6f.dir/CheckSymbolExists.c.o
/usr/bin/cc    -o CMakeFiles/cmTC_a9c6f.dir/CheckSymbolExists.c.o   -c "/home/santosh/Projects/visual slam diy/build/CMakeFiles/CMakeTmp/CheckSymbolExists.c"
Linking C executable cmTC_a9c6f
/usr/bin/cmake -E cmake_link_script CMakeFiles/cmTC_a9c6f.dir/link.txt --verbose=1
/usr/bin/cc      CMakeFiles/cmTC_a9c6f.dir/CheckSymbolExists.c.o  -o cmTC_a9c6f 
CMakeFiles/cmTC_a9c6f.dir/CheckSymbolExists.c.o: In function `main':
CheckSymbolExists.c:(.text+0x1b): undefined reference to `pthread_create'
collect2: error: ld returned 1 exit status
CMakeFiles/cmTC_a9c6f.dir/build.make:97: recipe for target 'cmTC_a9c6f' failed
make[1]: *** [cmTC_a9c6f] Error 1
make[1]: Leaving directory '/home/santosh/Projects/visual slam diy/build/CMakeFiles/CMakeTmp'
Makefile:126: recipe for target 'cmTC_a9c6f/fast' failed
make: *** [cmTC_a9c6f/fast] Error 2

File /home/santosh/Projects/visual slam diy/build/CMakeFiles/CMakeTmp/CheckSymbolExists.c:
/* */
#include <pthread.h>

int main(int argc, char** argv)
{
  (void)argv;
#ifndef pthread_create
  return ((int*)(&pthread_create))[argc];
#else
  (void)argc;
  return 0;
#endif
}

Determining if the function pthread_create exists in the pthreads failed with the following output:
Change Dir: /home/santosh/Projects/visual slam diy/build/CMakeFiles/CMakeTmp

Run Build Command:"/usr/bin/make" "cmTC_99bd5/fast"
/usr/bin/make -f CMakeFiles/cmTC_99bd5.dir/build.make CMakeFiles/cmTC_99bd5.dir/build
make[1]: Entering directory '/home/santosh/Projects/visual slam diy/build/CMakeFiles/CMakeTmp'
Building C object CMakeFiles/cmTC_99bd5.dir/CheckFunctionExists.c.o
/usr/bin/cc   -DCHECK_FUNCTION_EXISTS=pthread_create   -o CMakeFiles/cmTC_99bd5.dir/CheckFunctionExists.c.o   -c /usr/share/cmake-3.10/Modules/CheckFunctionExists.c
Linking C executable cmTC_99bd5
/usr/bin/cmake -E cmake_link_script CMakeFiles/cmTC_99bd5.dir/link.txt --verbose=1
/usr/bin/cc  -DCHECK_FUNCTION_EXISTS=pthread_create    CMakeFiles/cmTC_99bd5.dir/CheckFunctionExists.c.o  -o cmTC_99bd5 -lpthreads 
/usr/bin/ld: cannot find -lpthreads
collect2: error: ld returned 1 exit status
CMakeFiles/cmTC_99bd5.dir/build.make:97: recipe for target 'cmTC_99bd5' failed
make[1]: *** [cmTC_99bd5] Error 1
make[1]: Leaving directory '/home/santosh/Projects/visual slam diy/build/CMakeFiles/CMakeTmp'
Makefile:126: recipe for target 'cmTC_99bd5/fast' failed
make: *** [cmTC_99bd5/fast] Error 2


